# JRE version: OpenJDK Runtime Environment (8.0_242-b01) (build 1.8.0_242-release-1644-b01)
# Java VM: OpenJDK 64-Bit Server VM (25.242-b01 mixed mode windows-amd64 compressed oops)
Heap:
 PSYoungGen      total 454144K, used 88190K [0x00000000d5580000, 0x00000000f6180000, 0x0000000100000000)
  eden space 407040K, 13% used [0x00000000d5580000,0x00000000d8a70a30,0x00000000ee300000)
  from space 47104K, 72% used [0x00000000ee300000,0x00000000f042f110,0x00000000f1100000)
  to   space 49152K, 0% used [0x00000000f3180000,0x00000000f3180000,0x00000000f6180000)
 ParOldGen       total 352256K, used 111050K [0x0000000080000000, 0x0000000095800000, 0x00000000d5580000)
  object space 352256K, 31% used [0x0000000080000000,0x0000000086c72bd0,0x0000000095800000)
 Metaspace       used 99835K, capacity 106006K, committed 106136K, reserved 1140736K
  class space    used 13199K, capacity 14465K, committed 14512K, reserved 1048576K
GC Heap History (10 events):
Event: 63.632 GC heap before
{Heap before GC invocations=21 (full 4):
 PSYoungGen      total 360448K, used 325632K [0x00000000d5580000, 0x00000000f0800000, 0x0000000100000000)
  eden space 325632K, 100% used [0x00000000d5580000,0x00000000e9380000,0x00000000e9380000)
  from space 34816K, 0% used [0x00000000ebd80000,0x00000000ebd80000,0x00000000edf80000)
  to   space 43008K, 0% used [0x00000000e9380000,0x00000000e9380000,0x00000000ebd80000)
 ParOldGen       total 352256K, used 111010K [0x0000000080000000, 0x0000000095800000, 0x00000000d5580000)
  object space 352256K, 31% used [0x0000000080000000,0x0000000086c68bd0,0x0000000095800000)
 Metaspace       used 97173K, capacity 102226K, committed 102680K, reserved 1138688K
  class space    used 13013K, capacity 14105K, committed 14128K, reserved 1048576K
Event: 63.647 GC heap after
Heap after GC invocations=21 (full 4):
 PSYoungGen      total 368640K, used 14584K [0x00000000d5580000, 0x00000000f1a00000, 0x0000000100000000)
  eden space 325632K, 0% used [0x00000000d5580000,0x00000000d5580000,0x00000000e9380000)
  from space 43008K, 33% used [0x00000000e9380000,0x00000000ea1be048,0x00000000ebd80000)
  to   space 41472K, 0% used [0x00000000ef180000,0x00000000ef180000,0x00000000f1a00000)
 ParOldGen       total 352256K, used 111018K [0x0000000080000000, 0x0000000095800000, 0x00000000d5580000)
  object space 352256K, 31% used [0x0000000080000000,0x0000000086c6abd0,0x0000000095800000)
 Metaspace       used 97173K, capacity 102226K, committed 102680K, reserved 1138688K
  class space    used 13013K, capacity 14105K, committed 14128K, reserved 1048576K
}
Event: 140.806 GC heap before
{Heap before GC invocations=22 (full 4):
 PSYoungGen      total 368640K, used 340216K [0x00000000d5580000, 0x00000000f1a00000, 0x0000000100000000)
  eden space 325632K, 100% used [0x00000000d5580000,0x00000000e9380000,0x00000000e9380000)
  from space 43008K, 33% used [0x00000000e9380000,0x00000000ea1be048,0x00000000ebd80000)
  to   space 41472K, 0% used [0x00000000ef180000,0x00000000ef180000,0x00000000f1a00000)
 ParOldGen       total 352256K, used 111018K [0x0000000080000000, 0x0000000095800000, 0x00000000d5580000)
  object space 352256K, 31% used [0x0000000080000000,0x0000000086c6abd0,0x0000000095800000)
 Metaspace       used 97950K, capacity 103206K, committed 103576K, reserved 1138688K
  class space    used 13051K, capacity 14169K, committed 14256K, reserved 1048576K
Event: 140.833 GC heap after
Heap after GC invocations=22 (full 4):
 PSYoungGen      total 405504K, used 27316K [0x00000000d5580000, 0x00000000f1280000, 0x0000000100000000)
  eden space 371712K, 0% used [0x00000000d5580000,0x00000000d5580000,0x00000000ec080000)
  from space 33792K, 80% used [0x00000000ef180000,0x00000000f0c2d1d0,0x00000000f1280000)
  to   space 41984K, 0% used [0x00000000ec080000,0x00000000ec080000,0x00000000ee980000)
 ParOldGen       total 352256K, used 111026K [0x0000000080000000, 0x0000000095800000, 0x00000000d5580000)
  object space 352256K, 31% used [0x0000000080000000,0x0000000086c6cbd0,0x0000000095800000)
 Metaspace       used 97950K, capacity 103206K, committed 103576K, reserved 1138688K
  class space    used 13051K, capacity 14169K, committed 14256K, reserved 1048576K
}
Event: 196.790 GC heap before
{Heap before GC invocations=23 (full 4):
 PSYoungGen      total 405504K, used 399028K [0x00000000d5580000, 0x00000000f1280000, 0x0000000100000000)
  eden space 371712K, 100% used [0x00000000d5580000,0x00000000ec080000,0x00000000ec080000)
  from space 33792K, 80% used [0x00000000ef180000,0x00000000f0c2d1d0,0x00000000f1280000)
  to   space 41984K, 0% used [0x00000000ec080000,0x00000000ec080000,0x00000000ee980000)
 ParOldGen       total 352256K, used 111026K [0x0000000080000000, 0x0000000095800000, 0x00000000d5580000)
  object space 352256K, 31% used [0x0000000080000000,0x0000000086c6cbd0,0x0000000095800000)
 Metaspace       used 98586K, capacity 104108K, committed 104344K, reserved 1138688K
  class space    used 13092K, capacity 14242K, committed 14256K, reserved 1048576K
Event: 196.815 GC heap after
Heap after GC invocations=23 (full 4):
 PSYoungGen      total 413696K, used 33907K [0x00000000d5580000, 0x00000000f4300000, 0x0000000100000000)
  eden space 371712K, 0% used [0x00000000d5580000,0x00000000d5580000,0x00000000ec080000)
  from space 41984K, 80% used [0x00000000ec080000,0x00000000ee19ce60,0x00000000ee980000)
  to   space 45056K, 0% used [0x00000000f1700000,0x00000000f1700000,0x00000000f4300000)
 ParOldGen       total 352256K, used 111034K [0x0000000080000000, 0x0000000095800000, 0x00000000d5580000)
  object space 352256K, 31% used [0x0000000080000000,0x0000000086c6ebd0,0x0000000095800000)
 Metaspace       used 98586K, capacity 104108K, committed 104344K, reserved 1138688K
  class space    used 13092K, capacity 14242K, committed 14256K, reserved 1048576K
}
Event: 280.330 GC heap before
{Heap before GC invocations=24 (full 4):
 PSYoungGen      total 413696K, used 405619K [0x00000000d5580000, 0x00000000f4300000, 0x0000000100000000)
  eden space 371712K, 100% used [0x00000000d5580000,0x00000000ec080000,0x00000000ec080000)
  from space 41984K, 80% used [0x00000000ec080000,0x00000000ee19ce60,0x00000000ee980000)
  to   space 45056K, 0% used [0x00000000f1700000,0x00000000f1700000,0x00000000f4300000)
 ParOldGen       total 352256K, used 111034K [0x0000000080000000, 0x0000000095800000, 0x00000000d5580000)
  object space 352256K, 31% used [0x0000000080000000,0x0000000086c6ebd0,0x0000000095800000)
 Metaspace       used 99322K, capacity 105300K, committed 105624K, reserved 1140736K
  class space    used 13172K, capacity 14386K, committed 14512K, reserved 1048576K
Event: 280.371 GC heap after
Heap after GC invocations=24 (full 4):
 PSYoungGen      total 448000K, used 33784K [0x00000000d5580000, 0x00000000f3f00000, 0x0000000100000000)
  eden space 407040K, 0% used [0x00000000d5580000,0x00000000d5580000,0x00000000ee300000)
  from space 40960K, 82% used [0x00000000f1700000,0x00000000f37fe2f0,0x00000000f3f00000)
  to   space 47104K, 0% used [0x00000000ee300000,0x00000000ee300000,0x00000000f1100000)
 ParOldGen       total 352256K, used 111042K [0x0000000080000000, 0x0000000095800000, 0x00000000d5580000)
  object space 352256K, 31% used [0x0000000080000000,0x0000000086c70bd0,0x0000000095800000)
 Metaspace       used 99322K, capacity 105300K, committed 105624K, reserved 1140736K
  class space    used 13172K, capacity 14386K, committed 14512K, reserved 1048576K
}
Event: 416.636 GC heap before
{Heap before GC invocations=25 (full 4):
 PSYoungGen      total 448000K, used 440824K [0x00000000d5580000, 0x00000000f3f00000, 0x0000000100000000)
  eden space 407040K, 100% used [0x00000000d5580000,0x00000000ee300000,0x00000000ee300000)
  from space 40960K, 82% used [0x00000000f1700000,0x00000000f37fe2f0,0x00000000f3f00000)
  to   space 47104K, 0% used [0x00000000ee300000,0x00000000ee300000,0x00000000f1100000)
 ParOldGen       total 352256K, used 111042K [0x0000000080000000, 0x0000000095800000, 0x00000000d5580000)
  object space 352256K, 31% used [0x0000000080000000,0x0000000086c70bd0,0x0000000095800000)
 Metaspace       used 99795K, capacity 105958K, committed 106136K, reserved 1140736K
  class space    used 13195K, capacity 14457K, committed 14512K, reserved 1048576K
Event: 416.667 GC heap after
Heap after GC invocations=25 (full 4):
 PSYoungGen      total 454144K, used 33980K [0x00000000d5580000, 0x00000000f6180000, 0x0000000100000000)
  eden space 407040K, 0% used [0x00000000d5580000,0x00000000d5580000,0x00000000ee300000)
  from space 47104K, 72% used [0x00000000ee300000,0x00000000f042f110,0x00000000f1100000)
  to   space 49152K, 0% used [0x00000000f3180000,0x00000000f3180000,0x00000000f6180000)
 ParOldGen       total 352256K, used 111050K [0x0000000080000000, 0x0000000095800000, 0x00000000d5580000)
  object space 352256K, 31% used [0x0000000080000000,0x0000000086c72bd0,0x0000000095800000)
 Metaspace       used 99795K, capacity 105958K, committed 106136K, reserved 1140736K
  class space    used 13195K, capacity 14457K, committed 14512K, reserved 1048576K
}

