# JRE version: OpenJDK Runtime Environment (8.0_242-b01) (build 1.8.0_242-release-1644-b01)
# Java VM: OpenJDK 64-Bit Server VM (25.242-b01 mixed mode windows-amd64 compressed oops)
Heap:
 PSYoungGen      total 303616K, used 26216K [0x00000000d5580000, 0x00000000ea380000, 0x0000000100000000)
  eden space 265216K, 2% used [0x00000000d5580000,0x00000000d5b927f8,0x00000000e5880000)
  from space 38400K, 52% used [0x00000000e5880000,0x00000000e6c07960,0x00000000e7e00000)
  to   space 32768K, 0% used [0x00000000e8380000,0x00000000e8380000,0x00000000ea380000)
 ParOldGen       total 217600K, used 67598K [0x0000000080000000, 0x000000008d480000, 0x00000000d5580000)
  object space 217600K, 31% used [0x0000000080000000,0x0000000084203888,0x000000008d480000)
 Metaspace       used 84335K, capacity 88534K, committed 88664K, reserved 1126400K
  class space    used 11036K, capacity 11855K, committed 11904K, reserved 1048576K
GC Heap History (10 events):
Event: 15.912 GC heap before
{Heap before GC invocations=14 (full 3):
 PSYoungGen      total 217600K, used 197120K [0x00000000d5580000, 0x00000000e6800000, 0x0000000100000000)
  eden space 197120K, 100% used [0x00000000d5580000,0x00000000e1600000,0x00000000e1600000)
  from space 20480K, 0% used [0x00000000e2b00000,0x00000000e2b00000,0x00000000e3f00000)
  to   space 21504K, 0% used [0x00000000e1600000,0x00000000e1600000,0x00000000e2b00000)
 ParOldGen       total 217600K, used 34635K [0x0000000080000000, 0x000000008d480000, 0x00000000d5580000)
  object space 217600K, 15% used [0x0000000080000000,0x00000000821d2fe8,0x000000008d480000)
 Metaspace       used 68053K, capacity 70774K, committed 71000K, reserved 1110016K
  class space    used 9215K, capacity 9833K, committed 9856K, reserved 1048576K
Event: 15.930 GC heap after
Heap after GC invocations=14 (full 3):
 PSYoungGen      total 218624K, used 21497K [0x00000000d5580000, 0x00000000e6d00000, 0x0000000100000000)
  eden space 197120K, 0% used [0x00000000d5580000,0x00000000d5580000,0x00000000e1600000)
  from space 21504K, 99% used [0x00000000e1600000,0x00000000e2afe778,0x00000000e2b00000)
  to   space 24064K, 0% used [0x00000000e5580000,0x00000000e5580000,0x00000000e6d00000)
 ParOldGen       total 217600K, used 34643K [0x0000000080000000, 0x000000008d480000, 0x00000000d5580000)
  object space 217600K, 15% used [0x0000000080000000,0x00000000821d4fe8,0x000000008d480000)
 Metaspace       used 68053K, capacity 70774K, committed 71000K, reserved 1110016K
  class space    used 9215K, capacity 9833K, committed 9856K, reserved 1048576K
}
Event: 17.568 GC heap before
{Heap before GC invocations=15 (full 3):
 PSYoungGen      total 218624K, used 218617K [0x00000000d5580000, 0x00000000e6d00000, 0x0000000100000000)
  eden space 197120K, 100% used [0x00000000d5580000,0x00000000e1600000,0x00000000e1600000)
  from space 21504K, 99% used [0x00000000e1600000,0x00000000e2afe778,0x00000000e2b00000)
  to   space 24064K, 0% used [0x00000000e5580000,0x00000000e5580000,0x00000000e6d00000)
 ParOldGen       total 217600K, used 34643K [0x0000000080000000, 0x000000008d480000, 0x00000000d5580000)
  object space 217600K, 15% used [0x0000000080000000,0x00000000821d4fe8,0x000000008d480000)
 Metaspace       used 71396K, capacity 74832K, committed 74968K, reserved 1114112K
  class space    used 9680K, capacity 10404K, committed 10496K, reserved 1048576K
Event: 17.587 GC heap after
Heap after GC invocations=15 (full 3):
 PSYoungGen      total 258048K, used 24034K [0x00000000d5580000, 0x00000000e7280000, 0x0000000100000000)
  eden space 233984K, 0% used [0x00000000d5580000,0x00000000d5580000,0x00000000e3a00000)
  from space 24064K, 99% used [0x00000000e5580000,0x00000000e6cf8998,0x00000000e6d00000)
  to   space 28160K, 0% used [0x00000000e3a00000,0x00000000e3a00000,0x00000000e5580000)
 ParOldGen       total 217600K, used 37288K [0x0000000080000000, 0x000000008d480000, 0x00000000d5580000)
  object space 217600K, 17% used [0x0000000080000000,0x000000008246a1c8,0x000000008d480000)
 Metaspace       used 71396K, capacity 74832K, committed 74968K, reserved 1114112K
  class space    used 9680K, capacity 10404K, committed 10496K, reserved 1048576K
}
Event: 49.962 GC heap before
{Heap before GC invocations=16 (full 3):
 PSYoungGen      total 258048K, used 258018K [0x00000000d5580000, 0x00000000e7280000, 0x0000000100000000)
  eden space 233984K, 100% used [0x00000000d5580000,0x00000000e3a00000,0x00000000e3a00000)
  from space 24064K, 99% used [0x00000000e5580000,0x00000000e6cf8998,0x00000000e6d00000)
  to   space 28160K, 0% used [0x00000000e3a00000,0x00000000e3a00000,0x00000000e5580000)
 ParOldGen       total 217600K, used 37288K [0x0000000080000000, 0x000000008d480000, 0x00000000d5580000)
  object space 217600K, 17% used [0x0000000080000000,0x000000008246a1c8,0x000000008d480000)
 Metaspace       used 79900K, capacity 83682K, committed 83800K, reserved 1122304K
  class space    used 10581K, capacity 11299K, committed 11392K, reserved 1048576K
Event: 49.999 GC heap after
Heap after GC invocations=16 (full 3):
 PSYoungGen      total 262144K, used 28157K [0x00000000d5580000, 0x00000000ea800000, 0x0000000100000000)
  eden space 233984K, 0% used [0x00000000d5580000,0x00000000d5580000,0x00000000e3a00000)
  from space 28160K, 99% used [0x00000000e3a00000,0x00000000e557f470,0x00000000e5580000)
  to   space 37376K, 0% used [0x00000000e8380000,0x00000000e8380000,0x00000000ea800000)
 ParOldGen       total 217600K, used 52070K [0x0000000080000000, 0x000000008d480000, 0x00000000d5580000)
  object space 217600K, 23% used [0x0000000080000000,0x00000000832d9880,0x000000008d480000)
 Metaspace       used 79900K, capacity 83682K, committed 83800K, reserved 1122304K
  class space    used 10581K, capacity 11299K, committed 11392K, reserved 1048576K
}
Event: 78.837 GC heap before
{Heap before GC invocations=17 (full 3):
 PSYoungGen      total 262144K, used 262141K [0x00000000d5580000, 0x00000000ea800000, 0x0000000100000000)
  eden space 233984K, 100% used [0x00000000d5580000,0x00000000e3a00000,0x00000000e3a00000)
  from space 28160K, 99% used [0x00000000e3a00000,0x00000000e557f470,0x00000000e5580000)
  to   space 37376K, 0% used [0x00000000e8380000,0x00000000e8380000,0x00000000ea800000)
 ParOldGen       total 217600K, used 52070K [0x0000000080000000, 0x000000008d480000, 0x00000000d5580000)
  object space 217600K, 23% used [0x0000000080000000,0x00000000832d9880,0x000000008d480000)
 Metaspace       used 80810K, capacity 84762K, committed 84952K, reserved 1122304K
  class space    used 10671K, capacity 11431K, committed 11520K, reserved 1048576K
Event: 78.862 GC heap after
Heap after GC invocations=17 (full 3):
 PSYoungGen      total 297984K, used 25347K [0x00000000d5580000, 0x00000000ea380000, 0x0000000100000000)
  eden space 265216K, 0% used [0x00000000d5580000,0x00000000d5580000,0x00000000e5880000)
  from space 32768K, 77% used [0x00000000e8380000,0x00000000e9c40d30,0x00000000ea380000)
  to   space 38400K, 0% used [0x00000000e5880000,0x00000000e5880000,0x00000000e7e00000)
 ParOldGen       total 217600K, used 67590K [0x0000000080000000, 0x000000008d480000, 0x00000000d5580000)
  object space 217600K, 31% used [0x0000000080000000,0x0000000084201888,0x000000008d480000)
 Metaspace       used 80810K, capacity 84762K, committed 84952K, reserved 1122304K
  class space    used 10671K, capacity 11431K, committed 11520K, reserved 1048576K
}
Event: 97.316 GC heap before
{Heap before GC invocations=18 (full 3):
 PSYoungGen      total 297984K, used 290563K [0x00000000d5580000, 0x00000000ea380000, 0x0000000100000000)
  eden space 265216K, 100% used [0x00000000d5580000,0x00000000e5880000,0x00000000e5880000)
  from space 32768K, 77% used [0x00000000e8380000,0x00000000e9c40d30,0x00000000ea380000)
  to   space 38400K, 0% used [0x00000000e5880000,0x00000000e5880000,0x00000000e7e00000)
 ParOldGen       total 217600K, used 67590K [0x0000000080000000, 0x000000008d480000, 0x00000000d5580000)
  object space 217600K, 31% used [0x0000000080000000,0x0000000084201888,0x000000008d480000)
 Metaspace       used 84321K, capacity 88522K, committed 88664K, reserved 1126400K
  class space    used 11035K, capacity 11853K, committed 11904K, reserved 1048576K
Event: 97.329 GC heap after
Heap after GC invocations=18 (full 3):
 PSYoungGen      total 303616K, used 19998K [0x00000000d5580000, 0x00000000ea380000, 0x0000000100000000)
  eden space 265216K, 0% used [0x00000000d5580000,0x00000000d5580000,0x00000000e5880000)
  from space 38400K, 52% used [0x00000000e5880000,0x00000000e6c07960,0x00000000e7e00000)
  to   space 32768K, 0% used [0x00000000e8380000,0x00000000e8380000,0x00000000ea380000)
 ParOldGen       total 217600K, used 67598K [0x0000000080000000, 0x000000008d480000, 0x00000000d5580000)
  object space 217600K, 31% used [0x0000000080000000,0x0000000084203888,0x000000008d480000)
 Metaspace       used 84321K, capacity 88522K, committed 88664K, reserved 1126400K
  class space    used 11035K, capacity 11853K, committed 11904K, reserved 1048576K
}

