# JRE version: OpenJDK Runtime Environment (8.0_242-b01) (build 1.8.0_242-release-1644-b01)
# Java VM: OpenJDK 64-Bit Server VM (25.242-b01 mixed mode windows-amd64 compressed oops)
Heap:
 PSYoungGen      total 547328K, used 539545K [0x00000000d5580000, 0x00000000fc280000, 0x0000000100000000)
  eden space 489472K, 98% used [0x00000000d5580000,0x00000000f2bec968,0x00000000f3380000)
  from space 57856K, 99% used [0x00000000f7600000,0x00000000fae79d58,0x00000000fae80000)
  to   space 68096K, 0% used [0x00000000f3380000,0x00000000f3380000,0x00000000f7600000)
 ParOldGen       total 357376K, used 170444K [0x0000000080000000, 0x0000000095d00000, 0x00000000d5580000)
  object space 357376K, 47% used [0x0000000080000000,0x000000008a6731d8,0x0000000095d00000)
 Metaspace       used 133971K, capacity 143946K, committed 144152K, reserved 1173504K
  class space    used 17369K, capacity 19407K, committed 19504K, reserved 1048576K
GC Heap History (10 events):
Event: 183.761 GC heap before
{Heap before GC invocations=26 (full 4):
 PSYoungGen      total 432640K, used 377687K [0x00000000d5580000, 0x00000000f7a00000, 0x0000000100000000)
  eden space 369664K, 100% used [0x00000000d5580000,0x00000000ebe80000,0x00000000ebe80000)
  from space 62976K, 12% used [0x00000000ebe80000,0x00000000ec655e68,0x00000000efc00000)
  to   space 62976K, 0% used [0x00000000f3c80000,0x00000000f3c80000,0x00000000f7a00000)
 ParOldGen       total 357376K, used 163936K [0x0000000080000000, 0x0000000095d00000, 0x00000000d5580000)
  object space 357376K, 45% used [0x0000000080000000,0x000000008a0180f0,0x0000000095d00000)
 Metaspace       used 121529K, capacity 129294K, committed 129432K, reserved 1161216K
  class space    used 15909K, capacity 17538K, committed 17584K, reserved 1048576K
Event: 183.790 GC heap after
Heap after GC invocations=26 (full 4):
 PSYoungGen      total 475136K, used 30331K [0x00000000d5580000, 0x00000000f6c80000, 0x0000000100000000)
  eden space 425984K, 0% used [0x00000000d5580000,0x00000000d5580000,0x00000000ef580000)
  from space 49152K, 61% used [0x00000000f3c80000,0x00000000f5a1ee68,0x00000000f6c80000)
  to   space 60928K, 0% used [0x00000000ef580000,0x00000000ef580000,0x00000000f3100000)
 ParOldGen       total 357376K, used 163944K [0x0000000080000000, 0x0000000095d00000, 0x00000000d5580000)
  object space 357376K, 45% used [0x0000000080000000,0x000000008a01a0f0,0x0000000095d00000)
 Metaspace       used 121529K, capacity 129294K, committed 129432K, reserved 1161216K
  class space    used 15909K, capacity 17538K, committed 17584K, reserved 1048576K
}
Event: 253.431 GC heap before
{Heap before GC invocations=27 (full 4):
 PSYoungGen      total 475136K, used 456315K [0x00000000d5580000, 0x00000000f6c80000, 0x0000000100000000)
  eden space 425984K, 100% used [0x00000000d5580000,0x00000000ef580000,0x00000000ef580000)
  from space 49152K, 61% used [0x00000000f3c80000,0x00000000f5a1ee68,0x00000000f6c80000)
  to   space 60928K, 0% used [0x00000000ef580000,0x00000000ef580000,0x00000000f3100000)
 ParOldGen       total 357376K, used 163944K [0x0000000080000000, 0x0000000095d00000, 0x00000000d5580000)
  object space 357376K, 45% used [0x0000000080000000,0x000000008a01a0f0,0x0000000095d00000)
 Metaspace       used 122586K, capacity 130980K, committed 131224K, reserved 1163264K
  class space    used 16013K, capacity 17757K, committed 17840K, reserved 1048576K
Event: 253.453 GC heap after
Heap after GC invocations=27 (full 4):
 PSYoungGen      total 486912K, used 32375K [0x00000000d5580000, 0x00000000f9e00000, 0x0000000100000000)
  eden space 425984K, 0% used [0x00000000d5580000,0x00000000d5580000,0x00000000ef580000)
  from space 60928K, 53% used [0x00000000ef580000,0x00000000f151de70,0x00000000f3100000)
  to   space 59392K, 0% used [0x00000000f6400000,0x00000000f6400000,0x00000000f9e00000)
 ParOldGen       total 357376K, used 163952K [0x0000000080000000, 0x0000000095d00000, 0x00000000d5580000)
  object space 357376K, 45% used [0x0000000080000000,0x000000008a01c0f0,0x0000000095d00000)
 Metaspace       used 122586K, capacity 130980K, committed 131224K, reserved 1163264K
  class space    used 16013K, capacity 17757K, committed 17840K, reserved 1048576K
}
Event: 382.038 GC heap before
{Heap before GC invocations=28 (full 4):
 PSYoungGen      total 486912K, used 458359K [0x00000000d5580000, 0x00000000f9e00000, 0x0000000100000000)
  eden space 425984K, 100% used [0x00000000d5580000,0x00000000ef580000,0x00000000ef580000)
  from space 60928K, 53% used [0x00000000ef580000,0x00000000f151de70,0x00000000f3100000)
  to   space 59392K, 0% used [0x00000000f6400000,0x00000000f6400000,0x00000000f9e00000)
 ParOldGen       total 357376K, used 163952K [0x0000000080000000, 0x0000000095d00000, 0x00000000d5580000)
  object space 357376K, 45% used [0x0000000080000000,0x000000008a01c0f0,0x0000000095d00000)
 Metaspace       used 123199K, capacity 131838K, committed 131992K, reserved 1163264K
  class space    used 16054K, capacity 17830K, committed 17840K, reserved 1048576K
Event: 382.073 GC heap after
Heap after GC invocations=28 (full 4):
 PSYoungGen      total 516608K, used 32347K [0x00000000d5580000, 0x00000000f9180000, 0x0000000100000000)
  eden space 470016K, 0% used [0x00000000d5580000,0x00000000d5580000,0x00000000f2080000)
  from space 46592K, 69% used [0x00000000f6400000,0x00000000f8396c30,0x00000000f9180000)
  to   space 57856K, 0% used [0x00000000f2080000,0x00000000f2080000,0x00000000f5900000)
 ParOldGen       total 357376K, used 163960K [0x0000000080000000, 0x0000000095d00000, 0x00000000d5580000)
  object space 357376K, 45% used [0x0000000080000000,0x000000008a01e0f0,0x0000000095d00000)
 Metaspace       used 123199K, capacity 131838K, committed 131992K, reserved 1163264K
  class space    used 16054K, capacity 17830K, committed 17840K, reserved 1048576K
}
Event: 880.462 GC heap before
{Heap before GC invocations=29 (full 4):
 PSYoungGen      total 516608K, used 502363K [0x00000000d5580000, 0x00000000f9180000, 0x0000000100000000)
  eden space 470016K, 100% used [0x00000000d5580000,0x00000000f2080000,0x00000000f2080000)
  from space 46592K, 69% used [0x00000000f6400000,0x00000000f8396c30,0x00000000f9180000)
  to   space 57856K, 0% used [0x00000000f2080000,0x00000000f2080000,0x00000000f5900000)
 ParOldGen       total 357376K, used 163960K [0x0000000080000000, 0x0000000095d00000, 0x00000000d5580000)
  object space 357376K, 45% used [0x0000000080000000,0x000000008a01e0f0,0x0000000095d00000)
 Metaspace       used 123680K, capacity 132318K, committed 132632K, reserved 1163264K
  class space    used 16063K, capacity 17844K, committed 17968K, reserved 1048576K
Event: 880.489 GC heap after
Heap after GC invocations=29 (full 4):
 PSYoungGen      total 527872K, used 36235K [0x00000000d5580000, 0x00000000fae80000, 0x0000000100000000)
  eden space 470016K, 0% used [0x00000000d5580000,0x00000000d5580000,0x00000000f2080000)
  from space 57856K, 62% used [0x00000000f2080000,0x00000000f43e2fc8,0x00000000f5900000)
  to   space 57856K, 0% used [0x00000000f7600000,0x00000000f7600000,0x00000000fae80000)
 ParOldGen       total 357376K, used 163968K [0x0000000080000000, 0x0000000095d00000, 0x00000000d5580000)
  object space 357376K, 45% used [0x0000000080000000,0x000000008a0200f0,0x0000000095d00000)
 Metaspace       used 123680K, capacity 132318K, committed 132632K, reserved 1163264K
  class space    used 16063K, capacity 17844K, committed 17968K, reserved 1048576K
}
Event: 887.810 GC heap before
{Heap before GC invocations=30 (full 4):
 PSYoungGen      total 527872K, used 506251K [0x00000000d5580000, 0x00000000fae80000, 0x0000000100000000)
  eden space 470016K, 100% used [0x00000000d5580000,0x00000000f2080000,0x00000000f2080000)
  from space 57856K, 62% used [0x00000000f2080000,0x00000000f43e2fc8,0x00000000f5900000)
  to   space 57856K, 0% used [0x00000000f7600000,0x00000000f7600000,0x00000000fae80000)
 ParOldGen       total 357376K, used 163968K [0x0000000080000000, 0x0000000095d00000, 0x00000000d5580000)
  object space 357376K, 45% used [0x0000000080000000,0x000000008a0200f0,0x0000000095d00000)
 Metaspace       used 133409K, capacity 143154K, committed 143256K, reserved 1173504K
  class space    used 17338K, capacity 19353K, committed 19376K, reserved 1048576K
Event: 887.856 GC heap after
Heap after GC invocations=30 (full 4):
 PSYoungGen      total 547328K, used 57831K [0x00000000d5580000, 0x00000000fc280000, 0x0000000100000000)
  eden space 489472K, 0% used [0x00000000d5580000,0x00000000d5580000,0x00000000f3380000)
  from space 57856K, 99% used [0x00000000f7600000,0x00000000fae79d58,0x00000000fae80000)
  to   space 68096K, 0% used [0x00000000f3380000,0x00000000f3380000,0x00000000f7600000)
 ParOldGen       total 357376K, used 170444K [0x0000000080000000, 0x0000000095d00000, 0x00000000d5580000)
  object space 357376K, 47% used [0x0000000080000000,0x000000008a6731d8,0x0000000095d00000)
 Metaspace       used 133409K, capacity 143154K, committed 143256K, reserved 1173504K
  class space    used 17338K, capacity 19353K, committed 19376K, reserved 1048576K
}

