# JRE version: OpenJDK Runtime Environment (8.0_242-b01) (build 1.8.0_242-release-1644-b01)
# Java VM: OpenJDK 64-Bit Server VM (25.242-b01 mixed mode windows-amd64 compressed oops)
Heap:
 PSYoungGen      total 301568K, used 80535K [0x00000000d5580000, 0x00000000e9b00000, 0x0000000100000000)
  eden space 279040K, 21% used [0x00000000d5580000,0x00000000d9083828,0x00000000e6600000)
  from space 22528K, 89% used [0x00000000e8500000,0x00000000e98a2520,0x00000000e9b00000)
  to   space 27136K, 0% used [0x00000000e6600000,0x00000000e6600000,0x00000000e8080000)
 ParOldGen       total 197632K, used 61190K [0x0000000080000000, 0x000000008c100000, 0x00000000d5580000)
  object space 197632K, 30% used [0x0000000080000000,0x0000000083bc1b98,0x000000008c100000)
 Metaspace       used 72451K, capacity 75724K, committed 75992K, reserved 1114112K
  class space    used 9752K, capacity 10474K, committed 10496K, reserved 1048576K
GC Heap History (10 events):
Event: 10.762 GC heap before
{Heap before GC invocations=11 (full 2):
 PSYoungGen      total 181248K, used 180775K [0x00000000d5580000, 0x00000000e2600000, 0x0000000100000000)
  eden space 167936K, 100% used [0x00000000d5580000,0x00000000df980000,0x00000000df980000)
  from space 13312K, 96% used [0x00000000e1900000,0x00000000e2589d50,0x00000000e2600000)
  to   space 14336K, 0% used [0x00000000e0a00000,0x00000000e0a00000,0x00000000e1800000)
 ParOldGen       total 138752K, used 17146K [0x0000000080000000, 0x0000000088780000, 0x00000000d5580000)
  object space 138752K, 12% used [0x0000000080000000,0x00000000810be8e8,0x0000000088780000)
 Metaspace       used 56169K, capacity 58400K, committed 58584K, reserved 1099776K
  class space    used 7589K, capacity 8130K, committed 8192K, reserved 1048576K
Event: 10.785 GC heap after
Heap after GC invocations=11 (full 2):
 PSYoungGen      total 199168K, used 14324K [0x00000000d5580000, 0x00000000e5300000, 0x0000000100000000)
  eden space 184832K, 0% used [0x00000000d5580000,0x00000000d5580000,0x00000000e0a00000)
  from space 14336K, 99% used [0x00000000e0a00000,0x00000000e17fd300,0x00000000e1800000)
  to   space 20992K, 0% used [0x00000000e3e80000,0x00000000e3e80000,0x00000000e5300000)
 ParOldGen       total 138752K, used 30101K [0x0000000080000000, 0x0000000088780000, 0x00000000d5580000)
  object space 138752K, 21% used [0x0000000080000000,0x0000000081d65668,0x0000000088780000)
 Metaspace       used 56169K, capacity 58400K, committed 58584K, reserved 1099776K
  class space    used 7589K, capacity 8130K, committed 8192K, reserved 1048576K
}
Event: 10.926 GC heap before
{Heap before GC invocations=12 (full 2):
 PSYoungGen      total 199168K, used 28163K [0x00000000d5580000, 0x00000000e5300000, 0x0000000100000000)
  eden space 184832K, 7% used [0x00000000d5580000,0x00000000d63039f8,0x00000000e0a00000)
  from space 14336K, 99% used [0x00000000e0a00000,0x00000000e17fd300,0x00000000e1800000)
  to   space 20992K, 0% used [0x00000000e3e80000,0x00000000e3e80000,0x00000000e5300000)
 ParOldGen       total 138752K, used 30101K [0x0000000080000000, 0x0000000088780000, 0x00000000d5580000)
  object space 138752K, 21% used [0x0000000080000000,0x0000000081d65668,0x0000000088780000)
 Metaspace       used 56706K, capacity 58862K, committed 59028K, reserved 1099776K
  class space    used 7670K, capacity 8207K, committed 8320K, reserved 1048576K
Event: 10.947 GC heap after
Heap after GC invocations=12 (full 2):
 PSYoungGen      total 237568K, used 15964K [0x00000000d5580000, 0x00000000e8580000, 0x0000000100000000)
  eden space 216576K, 0% used [0x00000000d5580000,0x00000000d5580000,0x00000000e2900000)
  from space 20992K, 76% used [0x00000000e3e80000,0x00000000e4e170f8,0x00000000e5300000)
  to   space 22016K, 0% used [0x00000000e2900000,0x00000000e2900000,0x00000000e3e80000)
 ParOldGen       total 138752K, used 30109K [0x0000000080000000, 0x0000000088780000, 0x00000000d5580000)
  object space 138752K, 21% used [0x0000000080000000,0x0000000081d67668,0x0000000088780000)
 Metaspace       used 56706K, capacity 58862K, committed 59028K, reserved 1099776K
  class space    used 7670K, capacity 8207K, committed 8320K, reserved 1048576K
}
Event: 10.947 GC heap before
{Heap before GC invocations=13 (full 3):
 PSYoungGen      total 237568K, used 15964K [0x00000000d5580000, 0x00000000e8580000, 0x0000000100000000)
  eden space 216576K, 0% used [0x00000000d5580000,0x00000000d5580000,0x00000000e2900000)
  from space 20992K, 76% used [0x00000000e3e80000,0x00000000e4e170f8,0x00000000e5300000)
  to   space 22016K, 0% used [0x00000000e2900000,0x00000000e2900000,0x00000000e3e80000)
 ParOldGen       total 138752K, used 30109K [0x0000000080000000, 0x0000000088780000, 0x00000000d5580000)
  object space 138752K, 21% used [0x0000000080000000,0x0000000081d67668,0x0000000088780000)
 Metaspace       used 56706K, capacity 58862K, committed 59028K, reserved 1099776K
  class space    used 7670K, capacity 8207K, committed 8320K, reserved 1048576K
Event: 11.220 GC heap after
Heap after GC invocations=13 (full 3):
 PSYoungGen      total 237568K, used 0K [0x00000000d5580000, 0x00000000e8580000, 0x0000000100000000)
  eden space 216576K, 0% used [0x00000000d5580000,0x00000000d5580000,0x00000000e2900000)
  from space 20992K, 0% used [0x00000000e3e80000,0x00000000e3e80000,0x00000000e5300000)
  to   space 22016K, 0% used [0x00000000e2900000,0x00000000e2900000,0x00000000e3e80000)
 ParOldGen       total 197632K, used 41044K [0x0000000080000000, 0x000000008c100000, 0x00000000d5580000)
  object space 197632K, 20% used [0x0000000080000000,0x0000000082815328,0x000000008c100000)
 Metaspace       used 56676K, capacity 58760K, committed 59028K, reserved 1099776K
  class space    used 7660K, capacity 8190K, committed 8320K, reserved 1048576K
}
Event: 16.261 GC heap before
{Heap before GC invocations=14 (full 3):
 PSYoungGen      total 237568K, used 216576K [0x00000000d5580000, 0x00000000e8580000, 0x0000000100000000)
  eden space 216576K, 100% used [0x00000000d5580000,0x00000000e2900000,0x00000000e2900000)
  from space 20992K, 0% used [0x00000000e3e80000,0x00000000e3e80000,0x00000000e5300000)
  to   space 22016K, 0% used [0x00000000e2900000,0x00000000e2900000,0x00000000e3e80000)
 ParOldGen       total 197632K, used 41044K [0x0000000080000000, 0x000000008c100000, 0x00000000d5580000)
  object space 197632K, 20% used [0x0000000080000000,0x0000000082815328,0x000000008c100000)
 Metaspace       used 69365K, capacity 72492K, committed 72664K, reserved 1112064K
  class space    used 9489K, capacity 10152K, committed 10240K, reserved 1048576K
Event: 16.290 GC heap after
Heap after GC invocations=14 (full 3):
 PSYoungGen      total 238592K, used 22007K [0x00000000d5580000, 0x00000000e9e80000, 0x0000000100000000)
  eden space 216576K, 0% used [0x00000000d5580000,0x00000000d5580000,0x00000000e2900000)
  from space 22016K, 99% used [0x00000000e2900000,0x00000000e3e7dfb0,0x00000000e3e80000)
  to   space 26112K, 0% used [0x00000000e8500000,0x00000000e8500000,0x00000000e9e80000)
 ParOldGen       total 197632K, used 44801K [0x0000000080000000, 0x000000008c100000, 0x00000000d5580000)
  object space 197632K, 22% used [0x0000000080000000,0x0000000082bc04b0,0x000000008c100000)
 Metaspace       used 69365K, capacity 72492K, committed 72664K, reserved 1112064K
  class space    used 9489K, capacity 10152K, committed 10240K, reserved 1048576K
}
Event: 18.631 GC heap before
{Heap before GC invocations=15 (full 3):
 PSYoungGen      total 238592K, used 238583K [0x00000000d5580000, 0x00000000e9e80000, 0x0000000100000000)
  eden space 216576K, 100% used [0x00000000d5580000,0x00000000e2900000,0x00000000e2900000)
  from space 22016K, 99% used [0x00000000e2900000,0x00000000e3e7dfb0,0x00000000e3e80000)
  to   space 26112K, 0% used [0x00000000e8500000,0x00000000e8500000,0x00000000e9e80000)
 ParOldGen       total 197632K, used 44801K [0x0000000080000000, 0x000000008c100000, 0x00000000d5580000)
  object space 197632K, 22% used [0x0000000080000000,0x0000000082bc04b0,0x000000008c100000)
 Metaspace       used 71709K, capacity 74892K, committed 75096K, reserved 1114112K
  class space    used 9669K, capacity 10314K, committed 10368K, reserved 1048576K
Event: 18.659 GC heap after
Heap after GC invocations=15 (full 3):
 PSYoungGen      total 301568K, used 20105K [0x00000000d5580000, 0x00000000e9b00000, 0x0000000100000000)
  eden space 279040K, 0% used [0x00000000d5580000,0x00000000d5580000,0x00000000e6600000)
  from space 22528K, 89% used [0x00000000e8500000,0x00000000e98a2520,0x00000000e9b00000)
  to   space 27136K, 0% used [0x00000000e6600000,0x00000000e6600000,0x00000000e8080000)
 ParOldGen       total 197632K, used 61190K [0x0000000080000000, 0x000000008c100000, 0x00000000d5580000)
  object space 197632K, 30% used [0x0000000080000000,0x0000000083bc1b98,0x000000008c100000)
 Metaspace       used 71709K, capacity 74892K, committed 75096K, reserved 1114112K
  class space    used 9669K, capacity 10314K, committed 10368K, reserved 1048576K
}

