# JRE version: OpenJDK Runtime Environment (8.0_242-b01) (build 1.8.0_242-release-1644-b01)
# Java VM: OpenJDK 64-Bit Server VM (25.242-b01 mixed mode windows-amd64 compressed oops)
Heap:
 PSYoungGen      total 450048K, used 434696K [0x00000000d5580000, 0x00000000f3280000, 0x0000000100000000)
  eden space 415744K, 100% used [0x00000000d5580000,0x00000000eeb80000,0x00000000eeb80000)
  from space 34304K, 55% used [0x00000000f0c80000,0x00000000f1f02200,0x00000000f2e00000)
  to   space 33792K, 92% used [0x00000000eeb80000,0x00000000f0a2c5c8,0x00000000f0c80000)
 ParOldGen       total 342016K, used 73506K [0x0000000080000000, 0x0000000094e00000, 0x00000000d5580000)
  object space 342016K, 21% used [0x0000000080000000,0x00000000847c8850,0x0000000094e00000)
 Metaspace       used 101555K, capacity 106589K, committed 106904K, reserved 1142784K
  class space    used 13134K, capacity 14202K, committed 14248K, reserved 1048576K
GC Heap History (10 events):
Event: 1012.811 GC heap after
Heap after GC invocations=24 (full 3):
 PSYoungGen      total 340480K, used 9524K [0x00000000d5580000, 0x00000000ef880000, 0x0000000100000000)
  eden space 304128K, 0% used [0x00000000d5580000,0x00000000d5580000,0x00000000e7e80000)
  from space 36352K, 26% used [0x00000000e7e80000,0x00000000e87cd0e8,0x00000000ea200000)
  to   space 35328K, 0% used [0x00000000ed600000,0x00000000ed600000,0x00000000ef880000)
 ParOldGen       total 240128K, used 107140K [0x0000000080000000, 0x000000008ea80000, 0x00000000d5580000)
  object space 240128K, 44% used [0x0000000080000000,0x00000000868a1030,0x000000008ea80000)
 Metaspace       used 93235K, capacity 98503K, committed 98584K, reserved 1134592K
  class space    used 12246K, capacity 13273K, committed 13352K, reserved 1048576K
}
Event: 1012.811 GC heap before
{Heap before GC invocations=25 (full 4):
 PSYoungGen      total 340480K, used 9524K [0x00000000d5580000, 0x00000000ef880000, 0x0000000100000000)
  eden space 304128K, 0% used [0x00000000d5580000,0x00000000d5580000,0x00000000e7e80000)
  from space 36352K, 26% used [0x00000000e7e80000,0x00000000e87cd0e8,0x00000000ea200000)
  to   space 35328K, 0% used [0x00000000ed600000,0x00000000ed600000,0x00000000ef880000)
 ParOldGen       total 240128K, used 107140K [0x0000000080000000, 0x000000008ea80000, 0x00000000d5580000)
  object space 240128K, 44% used [0x0000000080000000,0x00000000868a1030,0x000000008ea80000)
 Metaspace       used 93235K, capacity 98503K, committed 98584K, reserved 1134592K
  class space    used 12246K, capacity 13273K, committed 13352K, reserved 1048576K
Event: 1013.101 GC heap after
Heap after GC invocations=25 (full 4):
 PSYoungGen      total 340480K, used 0K [0x00000000d5580000, 0x00000000ef880000, 0x0000000100000000)
  eden space 304128K, 0% used [0x00000000d5580000,0x00000000d5580000,0x00000000e7e80000)
  from space 36352K, 0% used [0x00000000e7e80000,0x00000000e7e80000,0x00000000ea200000)
  to   space 35328K, 0% used [0x00000000ed600000,0x00000000ed600000,0x00000000ef880000)
 ParOldGen       total 342016K, used 73482K [0x0000000080000000, 0x0000000094e00000, 0x00000000d5580000)
  object space 342016K, 21% used [0x0000000080000000,0x00000000847c2850,0x0000000094e00000)
 Metaspace       used 92807K, capacity 97255K, committed 98584K, reserved 1134592K
  class space    used 12107K, capacity 13027K, committed 13352K, reserved 1048576K
}
Event: 1018.452 GC heap before
{Heap before GC invocations=26 (full 4):
 PSYoungGen      total 340480K, used 304128K [0x00000000d5580000, 0x00000000ef880000, 0x0000000100000000)
  eden space 304128K, 100% used [0x00000000d5580000,0x00000000e7e80000,0x00000000e7e80000)
  from space 36352K, 0% used [0x00000000e7e80000,0x00000000e7e80000,0x00000000ea200000)
  to   space 35328K, 0% used [0x00000000ed600000,0x00000000ed600000,0x00000000ef880000)
 ParOldGen       total 342016K, used 73482K [0x0000000080000000, 0x0000000094e00000, 0x00000000d5580000)
  object space 342016K, 21% used [0x0000000080000000,0x00000000847c2850,0x0000000094e00000)
 Metaspace       used 97510K, capacity 102181K, committed 103192K, reserved 1138688K
  class space    used 12604K, capacity 13582K, committed 13864K, reserved 1048576K
Event: 1018.466 GC heap after
Heap after GC invocations=26 (full 4):
 PSYoungGen      total 391680K, used 15846K [0x00000000d5580000, 0x00000000ef600000, 0x0000000100000000)
  eden space 358912K, 0% used [0x00000000d5580000,0x00000000d5580000,0x00000000eb400000)
  from space 32768K, 48% used [0x00000000ed600000,0x00000000ee579bd8,0x00000000ef600000)
  to   space 33792K, 0% used [0x00000000eb400000,0x00000000eb400000,0x00000000ed500000)
 ParOldGen       total 342016K, used 73490K [0x0000000080000000, 0x0000000094e00000, 0x00000000d5580000)
  object space 342016K, 21% used [0x0000000080000000,0x00000000847c4850,0x0000000094e00000)
 Metaspace       used 97510K, capacity 102181K, committed 103192K, reserved 1138688K
  class space    used 12604K, capacity 13582K, committed 13864K, reserved 1048576K
}
Event: 1023.814 GC heap before
{Heap before GC invocations=27 (full 4):
 PSYoungGen      total 391680K, used 374758K [0x00000000d5580000, 0x00000000ef600000, 0x0000000100000000)
  eden space 358912K, 100% used [0x00000000d5580000,0x00000000eb400000,0x00000000eb400000)
  from space 32768K, 48% used [0x00000000ed600000,0x00000000ee579bd8,0x00000000ef600000)
  to   space 33792K, 0% used [0x00000000eb400000,0x00000000eb400000,0x00000000ed500000)
 ParOldGen       total 342016K, used 73490K [0x0000000080000000, 0x0000000094e00000, 0x00000000d5580000)
  object space 342016K, 21% used [0x0000000080000000,0x00000000847c4850,0x0000000094e00000)
 Metaspace       used 99458K, capacity 104335K, committed 104856K, reserved 1140736K
  class space    used 12878K, capacity 13899K, committed 13992K, reserved 1048576K
Event: 1023.829 GC heap after
Heap after GC invocations=27 (full 4):
 PSYoungGen      total 392704K, used 21445K [0x00000000d5580000, 0x00000000f2e00000, 0x0000000100000000)
  eden space 358912K, 0% used [0x00000000d5580000,0x00000000d5580000,0x00000000eb400000)
  from space 33792K, 63% used [0x00000000eb400000,0x00000000ec8f15c8,0x00000000ed500000)
  to   space 34304K, 0% used [0x00000000f0c80000,0x00000000f0c80000,0x00000000f2e00000)
 ParOldGen       total 342016K, used 73498K [0x0000000080000000, 0x0000000094e00000, 0x00000000d5580000)
  object space 342016K, 21% used [0x0000000080000000,0x00000000847c6850,0x0000000094e00000)
 Metaspace       used 99458K, capacity 104335K, committed 104856K, reserved 1140736K
  class space    used 12878K, capacity 13899K, committed 13992K, reserved 1048576K
}
Event: 1024.307 GC heap before
{Heap before GC invocations=28 (full 4):
 PSYoungGen      total 392704K, used 380357K [0x00000000d5580000, 0x00000000f2e00000, 0x0000000100000000)
  eden space 358912K, 100% used [0x00000000d5580000,0x00000000eb400000,0x00000000eb400000)
  from space 33792K, 63% used [0x00000000eb400000,0x00000000ec8f15c8,0x00000000ed500000)
  to   space 34304K, 0% used [0x00000000f0c80000,0x00000000f0c80000,0x00000000f2e00000)
 ParOldGen       total 342016K, used 73498K [0x0000000080000000, 0x0000000094e00000, 0x00000000d5580000)
  object space 342016K, 21% used [0x0000000080000000,0x00000000847c6850,0x0000000094e00000)
 Metaspace       used 99461K, capacity 104335K, committed 104856K, reserved 1140736K
  class space    used 12878K, capacity 13899K, committed 13992K, reserved 1048576K
Event: 1024.320 GC heap after
Heap after GC invocations=28 (full 4):
 PSYoungGen      total 450048K, used 18952K [0x00000000d5580000, 0x00000000f3280000, 0x0000000100000000)
  eden space 415744K, 0% used [0x00000000d5580000,0x00000000d5580000,0x00000000eeb80000)
  from space 34304K, 55% used [0x00000000f0c80000,0x00000000f1f02200,0x00000000f2e00000)
  to   space 33792K, 0% used [0x00000000eeb80000,0x00000000eeb80000,0x00000000f0c80000)
 ParOldGen       total 342016K, used 73498K [0x0000000080000000, 0x0000000094e00000, 0x00000000d5580000)
  object space 342016K, 21% used [0x0000000080000000,0x00000000847c6850,0x0000000094e00000)
 Metaspace       used 99461K, capacity 104335K, committed 104856K, reserved 1140736K
  class space    used 12878K, capacity 13899K, committed 13992K, reserved 1048576K
}
Event: 1028.796 GC heap before
{Heap before GC invocations=29 (full 4):
 PSYoungGen      total 450048K, used 434696K [0x00000000d5580000, 0x00000000f3280000, 0x0000000100000000)
  eden space 415744K, 100% used [0x00000000d5580000,0x00000000eeb80000,0x00000000eeb80000)
  from space 34304K, 55% used [0x00000000f0c80000,0x00000000f1f02200,0x00000000f2e00000)
  to   space 33792K, 0% used [0x00000000eeb80000,0x00000000eeb80000,0x00000000f0c80000)
 ParOldGen       total 342016K, used 73498K [0x0000000080000000, 0x0000000094e00000, 0x00000000d5580000)
  object space 342016K, 21% used [0x0000000080000000,0x00000000847c6850,0x0000000094e00000)
 Metaspace       used 101555K, capacity 106589K, committed 106904K, reserved 1142784K
  class space    used 13134K, capacity 14202K, committed 14248K, reserved 1048576K

